{"C:\\Users\\kiril\\source\\repos\\testing\\lab3\\car.js": {"path":"C:\\Users\\kiril\\source\\repos\\testing\\lab3\\car.js","statementMap":{"0":{"start":{"line":2,"column":17},"end":{"line":2,"column":27}},"1":{"start":{"line":3,"column":16},"end":{"line":3,"column":25}},"2":{"start":{"line":4,"column":13},"end":{"line":4,"column":19}},"3":{"start":{"line":8,"column":14},"end":{"line":8,"column":15}},"4":{"start":{"line":9,"column":15},"end":{"line":9,"column":16}},"5":{"start":{"line":10,"column":17},"end":{"line":10,"column":22}},"6":{"start":{"line":11,"column":16},"end":{"line":11,"column":23}},"7":{"start":{"line":14,"column":8},"end":{"line":14,"column":28}},"8":{"start":{"line":18,"column":8},"end":{"line":18,"column":27}},"9":{"start":{"line":22,"column":8},"end":{"line":22,"column":32}},"10":{"start":{"line":26,"column":8},"end":{"line":26,"column":33}},"11":{"start":{"line":30,"column":2},"end":{"line":35,"column":3}},"12":{"start":{"line":31,"column":3},"end":{"line":31,"column":28}},"13":{"start":{"line":32,"column":3},"end":{"line":32,"column":14}},"14":{"start":{"line":34,"column":3},"end":{"line":34,"column":15}},"15":{"start":{"line":39,"column":2},"end":{"line":44,"column":3}},"16":{"start":{"line":40,"column":3},"end":{"line":40,"column":29}},"17":{"start":{"line":41,"column":3},"end":{"line":41,"column":14}},"18":{"start":{"line":43,"column":3},"end":{"line":43,"column":15}},"19":{"start":{"line":48,"column":2},"end":{"line":109,"column":3}},"20":{"start":{"line":51,"column":5},"end":{"line":55,"column":6}},"21":{"start":{"line":53,"column":6},"end":{"line":53,"column":23}},"22":{"start":{"line":54,"column":6},"end":{"line":54,"column":17}},"23":{"start":{"line":56,"column":5},"end":{"line":56,"column":17}},"24":{"start":{"line":60,"column":5},"end":{"line":60,"column":21}},"25":{"start":{"line":61,"column":4},"end":{"line":61,"column":15}},"26":{"start":{"line":65,"column":5},"end":{"line":70,"column":6}},"27":{"start":{"line":68,"column":6},"end":{"line":68,"column":22}},"28":{"start":{"line":69,"column":6},"end":{"line":69,"column":17}},"29":{"start":{"line":71,"column":5},"end":{"line":71,"column":17}},"30":{"start":{"line":75,"column":5},"end":{"line":79,"column":6}},"31":{"start":{"line":77,"column":6},"end":{"line":77,"column":22}},"32":{"start":{"line":78,"column":6},"end":{"line":78,"column":17}},"33":{"start":{"line":80,"column":5},"end":{"line":80,"column":17}},"34":{"start":{"line":84,"column":5},"end":{"line":88,"column":6}},"35":{"start":{"line":86,"column":6},"end":{"line":86,"column":22}},"36":{"start":{"line":87,"column":6},"end":{"line":87,"column":17}},"37":{"start":{"line":89,"column":5},"end":{"line":89,"column":17}},"38":{"start":{"line":93,"column":5},"end":{"line":97,"column":6}},"39":{"start":{"line":95,"column":6},"end":{"line":95,"column":22}},"40":{"start":{"line":96,"column":6},"end":{"line":96,"column":17}},"41":{"start":{"line":98,"column":5},"end":{"line":98,"column":17}},"42":{"start":{"line":102,"column":5},"end":{"line":106,"column":6}},"43":{"start":{"line":104,"column":6},"end":{"line":104,"column":22}},"44":{"start":{"line":105,"column":6},"end":{"line":105,"column":17}},"45":{"start":{"line":107,"column":5},"end":{"line":107,"column":17}},"46":{"start":{"line":110,"column":2},"end":{"line":110,"column":14}},"47":{"start":{"line":114,"column":2},"end":{"line":118,"column":3}},"48":{"start":{"line":115,"column":3},"end":{"line":115,"column":24}},"49":{"start":{"line":116,"column":3},"end":{"line":116,"column":27}},"50":{"start":{"line":117,"column":3},"end":{"line":117,"column":14}},"51":{"start":{"line":119,"column":2},"end":{"line":125,"column":3}},"52":{"start":{"line":120,"column":3},"end":{"line":120,"column":24}},"53":{"start":{"line":121,"column":3},"end":{"line":123,"column":4}},"54":{"start":{"line":122,"column":4},"end":{"line":122,"column":31}},"55":{"start":{"line":124,"column":3},"end":{"line":124,"column":14}},"56":{"start":{"line":126,"column":2},"end":{"line":130,"column":3}},"57":{"start":{"line":127,"column":3},"end":{"line":127,"column":24}},"58":{"start":{"line":128,"column":3},"end":{"line":128,"column":31}},"59":{"start":{"line":129,"column":3},"end":{"line":129,"column":14}},"60":{"start":{"line":131,"column":2},"end":{"line":134,"column":3}},"61":{"start":{"line":132,"column":3},"end":{"line":132,"column":24}},"62":{"start":{"line":133,"column":3},"end":{"line":133,"column":14}},"63":{"start":{"line":135,"column":2},"end":{"line":138,"column":3}},"64":{"start":{"line":136,"column":3},"end":{"line":136,"column":24}},"65":{"start":{"line":137,"column":3},"end":{"line":137,"column":14}},"66":{"start":{"line":139,"column":2},"end":{"line":142,"column":3}},"67":{"start":{"line":140,"column":3},"end":{"line":140,"column":24}},"68":{"start":{"line":141,"column":3},"end":{"line":141,"column":14}},"69":{"start":{"line":143,"column":2},"end":{"line":146,"column":3}},"70":{"start":{"line":144,"column":3},"end":{"line":144,"column":24}},"71":{"start":{"line":145,"column":3},"end":{"line":145,"column":14}},"72":{"start":{"line":147,"column":2},"end":{"line":147,"column":14}},"73":{"start":{"line":152,"column":0},"end":{"line":157,"column":1}}},"fnMap":{"0":{"name":"(anonymous_0)","decl":{"start":{"line":13,"column":4},"end":{"line":13,"column":5}},"loc":{"start":{"line":13,"column":15},"end":{"line":15,"column":5}},"line":13},"1":{"name":"(anonymous_1)","decl":{"start":{"line":17,"column":4},"end":{"line":17,"column":5}},"loc":{"start":{"line":17,"column":14},"end":{"line":19,"column":5}},"line":17},"2":{"name":"(anonymous_2)","decl":{"start":{"line":21,"column":4},"end":{"line":21,"column":5}},"loc":{"start":{"line":21,"column":19},"end":{"line":23,"column":5}},"line":21},"3":{"name":"(anonymous_3)","decl":{"start":{"line":25,"column":4},"end":{"line":25,"column":5}},"loc":{"start":{"line":25,"column":21},"end":{"line":27,"column":5}},"line":25},"4":{"name":"(anonymous_4)","decl":{"start":{"line":29,"column":1},"end":{"line":29,"column":2}},"loc":{"start":{"line":29,"column":16},"end":{"line":36,"column":2}},"line":29},"5":{"name":"(anonymous_5)","decl":{"start":{"line":38,"column":1},"end":{"line":38,"column":2}},"loc":{"start":{"line":38,"column":17},"end":{"line":45,"column":2}},"line":38},"6":{"name":"(anonymous_6)","decl":{"start":{"line":47,"column":4},"end":{"line":47,"column":5}},"loc":{"start":{"line":47,"column":18},"end":{"line":111,"column":2}},"line":47},"7":{"name":"(anonymous_7)","decl":{"start":{"line":113,"column":1},"end":{"line":113,"column":2}},"loc":{"start":{"line":113,"column":17},"end":{"line":148,"column":2}},"line":113}},"branchMap":{"0":{"loc":{"start":{"line":30,"column":2},"end":{"line":35,"column":3}},"type":"if","locations":[{"start":{"line":30,"column":2},"end":{"line":35,"column":3}},{"start":{"line":33,"column":9},"end":{"line":35,"column":3}}],"line":30},"1":{"loc":{"start":{"line":39,"column":2},"end":{"line":44,"column":3}},"type":"if","locations":[{"start":{"line":39,"column":2},"end":{"line":44,"column":3}},{"start":{"line":42,"column":9},"end":{"line":44,"column":3}}],"line":39},"2":{"loc":{"start":{"line":48,"column":2},"end":{"line":109,"column":3}},"type":"switch","locations":[{"start":{"line":49,"column":3},"end":{"line":57,"column":5}},{"start":{"line":58,"column":3},"end":{"line":62,"column":5}},{"start":{"line":63,"column":3},"end":{"line":72,"column":5}},{"start":{"line":73,"column":3},"end":{"line":81,"column":5}},{"start":{"line":82,"column":3},"end":{"line":90,"column":5}},{"start":{"line":91,"column":3},"end":{"line":99,"column":5}},{"start":{"line":100,"column":3},"end":{"line":108,"column":5}}],"line":48},"3":{"loc":{"start":{"line":51,"column":5},"end":{"line":55,"column":6}},"type":"if","locations":[{"start":{"line":51,"column":5},"end":{"line":55,"column":6}},{"start":{},"end":{}}],"line":51},"4":{"loc":{"start":{"line":51,"column":9},"end":{"line":51,"column":97}},"type":"binary-expr","locations":[{"start":{"line":51,"column":11},"end":{"line":51,"column":29}},{"start":{"line":51,"column":35},"end":{"line":51,"column":63}},{"start":{"line":51,"column":70},"end":{"line":51,"column":96}}],"line":51},"5":{"loc":{"start":{"line":65,"column":5},"end":{"line":70,"column":6}},"type":"if","locations":[{"start":{"line":65,"column":5},"end":{"line":70,"column":6}},{"start":{},"end":{}}],"line":65},"6":{"loc":{"start":{"line":65,"column":9},"end":{"line":66,"column":36}},"type":"binary-expr","locations":[{"start":{"line":65,"column":13},"end":{"line":65,"column":31}},{"start":{"line":65,"column":37},"end":{"line":65,"column":56}},{"start":{"line":65,"column":63},"end":{"line":65,"column":80}},{"start":{"line":65,"column":86},"end":{"line":65,"column":103}},{"start":{"line":65,"column":110},"end":{"line":65,"column":136}},{"start":{"line":66,"column":10},"end":{"line":66,"column":35}}],"line":65},"7":{"loc":{"start":{"line":75,"column":5},"end":{"line":79,"column":6}},"type":"if","locations":[{"start":{"line":75,"column":5},"end":{"line":79,"column":6}},{"start":{},"end":{}}],"line":75},"8":{"loc":{"start":{"line":75,"column":9},"end":{"line":75,"column":120}},"type":"binary-expr","locations":[{"start":{"line":75,"column":11},"end":{"line":75,"column":30}},{"start":{"line":75,"column":36},"end":{"line":75,"column":55}},{"start":{"line":75,"column":62},"end":{"line":75,"column":88}},{"start":{"line":75,"column":94},"end":{"line":75,"column":119}}],"line":75},"9":{"loc":{"start":{"line":84,"column":5},"end":{"line":88,"column":6}},"type":"if","locations":[{"start":{"line":84,"column":5},"end":{"line":88,"column":6}},{"start":{},"end":{}}],"line":84},"10":{"loc":{"start":{"line":84,"column":9},"end":{"line":84,"column":120}},"type":"binary-expr","locations":[{"start":{"line":84,"column":11},"end":{"line":84,"column":30}},{"start":{"line":84,"column":36},"end":{"line":84,"column":55}},{"start":{"line":84,"column":62},"end":{"line":84,"column":88}},{"start":{"line":84,"column":94},"end":{"line":84,"column":119}}],"line":84},"11":{"loc":{"start":{"line":93,"column":5},"end":{"line":97,"column":6}},"type":"if","locations":[{"start":{"line":93,"column":5},"end":{"line":97,"column":6}},{"start":{},"end":{}}],"line":93},"12":{"loc":{"start":{"line":93,"column":9},"end":{"line":93,"column":120}},"type":"binary-expr","locations":[{"start":{"line":93,"column":11},"end":{"line":93,"column":30}},{"start":{"line":93,"column":36},"end":{"line":93,"column":55}},{"start":{"line":93,"column":62},"end":{"line":93,"column":88}},{"start":{"line":93,"column":94},"end":{"line":93,"column":119}}],"line":93},"13":{"loc":{"start":{"line":102,"column":5},"end":{"line":106,"column":6}},"type":"if","locations":[{"start":{"line":102,"column":5},"end":{"line":106,"column":6}},{"start":{},"end":{}}],"line":102},"14":{"loc":{"start":{"line":102,"column":9},"end":{"line":102,"column":93}},"type":"binary-expr","locations":[{"start":{"line":102,"column":10},"end":{"line":102,"column":29}},{"start":{"line":102,"column":35},"end":{"line":102,"column":61}},{"start":{"line":102,"column":67},"end":{"line":102,"column":92}}],"line":102},"15":{"loc":{"start":{"line":114,"column":2},"end":{"line":118,"column":3}},"type":"if","locations":[{"start":{"line":114,"column":2},"end":{"line":118,"column":3}},{"start":{},"end":{}}],"line":114},"16":{"loc":{"start":{"line":114,"column":6},"end":{"line":114,"column":59}},"type":"binary-expr","locations":[{"start":{"line":114,"column":7},"end":{"line":114,"column":25}},{"start":{"line":114,"column":31},"end":{"line":114,"column":42}},{"start":{"line":114,"column":48},"end":{"line":114,"column":58}}],"line":114},"17":{"loc":{"start":{"line":119,"column":2},"end":{"line":125,"column":3}},"type":"if","locations":[{"start":{"line":119,"column":2},"end":{"line":125,"column":3}},{"start":{},"end":{}}],"line":119},"18":{"loc":{"start":{"line":119,"column":6},"end":{"line":119,"column":69}},"type":"binary-expr","locations":[{"start":{"line":119,"column":7},"end":{"line":119,"column":24}},{"start":{"line":119,"column":30},"end":{"line":119,"column":52}},{"start":{"line":119,"column":58},"end":{"line":119,"column":68}}],"line":119},"19":{"loc":{"start":{"line":121,"column":3},"end":{"line":123,"column":4}},"type":"if","locations":[{"start":{"line":121,"column":3},"end":{"line":123,"column":4}},{"start":{},"end":{}}],"line":121},"20":{"loc":{"start":{"line":126,"column":2},"end":{"line":130,"column":3}},"type":"if","locations":[{"start":{"line":126,"column":2},"end":{"line":130,"column":3}},{"start":{},"end":{}}],"line":126},"21":{"loc":{"start":{"line":126,"column":6},"end":{"line":126,"column":74}},"type":"binary-expr","locations":[{"start":{"line":126,"column":7},"end":{"line":126,"column":24}},{"start":{"line":126,"column":30},"end":{"line":126,"column":40}},{"start":{"line":126,"column":46},"end":{"line":126,"column":57}},{"start":{"line":126,"column":63},"end":{"line":126,"column":73}}],"line":126},"22":{"loc":{"start":{"line":131,"column":2},"end":{"line":134,"column":3}},"type":"if","locations":[{"start":{"line":131,"column":2},"end":{"line":134,"column":3}},{"start":{},"end":{}}],"line":131},"23":{"loc":{"start":{"line":131,"column":6},"end":{"line":131,"column":75}},"type":"binary-expr","locations":[{"start":{"line":131,"column":7},"end":{"line":131,"column":24}},{"start":{"line":131,"column":30},"end":{"line":131,"column":41}},{"start":{"line":131,"column":47},"end":{"line":131,"column":58}},{"start":{"line":131,"column":64},"end":{"line":131,"column":74}}],"line":131},"24":{"loc":{"start":{"line":135,"column":2},"end":{"line":138,"column":3}},"type":"if","locations":[{"start":{"line":135,"column":2},"end":{"line":138,"column":3}},{"start":{},"end":{}}],"line":135},"25":{"loc":{"start":{"line":135,"column":6},"end":{"line":135,"column":75}},"type":"binary-expr","locations":[{"start":{"line":135,"column":7},"end":{"line":135,"column":24}},{"start":{"line":135,"column":30},"end":{"line":135,"column":41}},{"start":{"line":135,"column":47},"end":{"line":135,"column":58}},{"start":{"line":135,"column":64},"end":{"line":135,"column":74}}],"line":135},"26":{"loc":{"start":{"line":139,"column":2},"end":{"line":142,"column":3}},"type":"if","locations":[{"start":{"line":139,"column":2},"end":{"line":142,"column":3}},{"start":{},"end":{}}],"line":139},"27":{"loc":{"start":{"line":139,"column":6},"end":{"line":139,"column":75}},"type":"binary-expr","locations":[{"start":{"line":139,"column":7},"end":{"line":139,"column":24}},{"start":{"line":139,"column":30},"end":{"line":139,"column":41}},{"start":{"line":139,"column":47},"end":{"line":139,"column":58}},{"start":{"line":139,"column":64},"end":{"line":139,"column":74}}],"line":139},"28":{"loc":{"start":{"line":143,"column":2},"end":{"line":146,"column":3}},"type":"if","locations":[{"start":{"line":143,"column":2},"end":{"line":146,"column":3}},{"start":{},"end":{}}],"line":143},"29":{"loc":{"start":{"line":143,"column":6},"end":{"line":143,"column":76}},"type":"binary-expr","locations":[{"start":{"line":143,"column":7},"end":{"line":143,"column":24}},{"start":{"line":143,"column":30},"end":{"line":143,"column":41}},{"start":{"line":143,"column":47},"end":{"line":143,"column":59}},{"start":{"line":143,"column":65},"end":{"line":143,"column":75}}],"line":143}},"s":{"0":1,"1":1,"2":1,"3":29,"4":29,"5":29,"6":29,"7":1,"8":1,"9":3,"10":1,"11":25,"12":24,"13":24,"14":1,"15":2,"16":1,"17":1,"18":1,"19":48,"20":6,"21":5,"22":5,"23":1,"24":3,"25":3,"26":15,"27":14,"28":14,"29":1,"30":4,"31":3,"32":3,"33":1,"34":8,"35":6,"36":6,"37":2,"38":6,"39":3,"40":3,"41":3,"42":5,"43":4,"44":4,"45":1,"46":1,"47":30,"48":4,"49":4,"50":4,"51":26,"52":2,"53":2,"54":1,"55":2,"56":24,"57":13,"58":13,"59":13,"60":11,"61":1,"62":1,"63":10,"64":4,"65":4,"66":6,"67":1,"68":1,"69":5,"70":2,"71":2,"72":3,"73":1},"f":{"0":1,"1":1,"2":3,"3":1,"4":25,"5":2,"6":48,"7":30},"b":{"0":[24,1],"1":[1,1],"2":[6,3,15,4,8,6,5],"3":[5,1],"4":[6,5,5],"5":[14,1],"6":[15,15,15,1,14,14],"7":[3,1],"8":[4,3,3,3],"9":[6,2],"10":[8,6,6,6],"11":[3,3],"12":[6,3,3,3],"13":[4,1],"14":[5,4,4],"15":[4,26],"16":[30,4,4],"17":[2,24],"18":[26,4,2],"19":[1,1],"20":[13,11],"21":[24,13,13,13],"22":[1,10],"23":[11,1,1,1],"24":[4,6],"25":[10,4,4,4],"26":[1,5],"27":[6,1,1,1],"28":[2,3],"29":[5,3,3,2]},"_coverageSchema":"1a1c01bbd47fc00a2c39e90264f33305004495a9","hash":"a5a14909c6ace84b5c212daf85f2e98e48de1f09"}
}
