TN:
SF:car.js
FN:13,(anonymous_0)
FN:17,(anonymous_1)
FN:21,(anonymous_2)
FN:25,(anonymous_3)
FN:29,(anonymous_4)
FN:38,(anonymous_5)
FN:47,(anonymous_6)
FN:113,(anonymous_7)
FNF:8
FNH:8
FNDA:1,(anonymous_0)
FNDA:1,(anonymous_1)
FNDA:3,(anonymous_2)
FNDA:1,(anonymous_3)
FNDA:25,(anonymous_4)
FNDA:2,(anonymous_5)
FNDA:48,(anonymous_6)
FNDA:30,(anonymous_7)
DA:2,1
DA:3,1
DA:4,1
DA:8,29
DA:9,29
DA:10,29
DA:11,29
DA:14,1
DA:18,1
DA:22,3
DA:26,1
DA:30,25
DA:31,24
DA:32,24
DA:34,1
DA:39,2
DA:40,1
DA:41,1
DA:43,1
DA:48,48
DA:51,6
DA:53,5
DA:54,5
DA:56,1
DA:60,3
DA:61,3
DA:65,15
DA:68,14
DA:69,14
DA:71,1
DA:75,4
DA:77,3
DA:78,3
DA:80,1
DA:84,8
DA:86,6
DA:87,6
DA:89,2
DA:93,6
DA:95,3
DA:96,3
DA:98,3
DA:102,5
DA:104,4
DA:105,4
DA:107,1
DA:110,1
DA:114,30
DA:115,4
DA:116,4
DA:117,4
DA:119,26
DA:120,2
DA:121,2
DA:122,1
DA:124,2
DA:126,24
DA:127,13
DA:128,13
DA:129,13
DA:131,11
DA:132,1
DA:133,1
DA:135,10
DA:136,4
DA:137,4
DA:139,6
DA:140,1
DA:141,1
DA:143,5
DA:144,2
DA:145,2
DA:147,3
DA:152,1
LF:74
LH:74
BRDA:30,0,0,24
BRDA:30,0,1,1
BRDA:39,1,0,1
BRDA:39,1,1,1
BRDA:48,2,0,6
BRDA:48,2,1,3
BRDA:48,2,2,15
BRDA:48,2,3,4
BRDA:48,2,4,8
BRDA:48,2,5,6
BRDA:48,2,6,5
BRDA:51,3,0,5
BRDA:51,3,1,1
BRDA:51,4,0,6
BRDA:51,4,1,5
BRDA:51,4,2,5
BRDA:65,5,0,14
BRDA:65,5,1,1
BRDA:65,6,0,15
BRDA:65,6,1,15
BRDA:65,6,2,15
BRDA:65,6,3,1
BRDA:65,6,4,14
BRDA:65,6,5,14
BRDA:75,7,0,3
BRDA:75,7,1,1
BRDA:75,8,0,4
BRDA:75,8,1,3
BRDA:75,8,2,3
BRDA:75,8,3,3
BRDA:84,9,0,6
BRDA:84,9,1,2
BRDA:84,10,0,8
BRDA:84,10,1,6
BRDA:84,10,2,6
BRDA:84,10,3,6
BRDA:93,11,0,3
BRDA:93,11,1,3
BRDA:93,12,0,6
BRDA:93,12,1,3
BRDA:93,12,2,3
BRDA:93,12,3,3
BRDA:102,13,0,4
BRDA:102,13,1,1
BRDA:102,14,0,5
BRDA:102,14,1,4
BRDA:102,14,2,4
BRDA:114,15,0,4
BRDA:114,15,1,26
BRDA:114,16,0,30
BRDA:114,16,1,4
BRDA:114,16,2,4
BRDA:119,17,0,2
BRDA:119,17,1,24
BRDA:119,18,0,26
BRDA:119,18,1,4
BRDA:119,18,2,2
BRDA:121,19,0,1
BRDA:121,19,1,1
BRDA:126,20,0,13
BRDA:126,20,1,11
BRDA:126,21,0,24
BRDA:126,21,1,13
BRDA:126,21,2,13
BRDA:126,21,3,13
BRDA:131,22,0,1
BRDA:131,22,1,10
BRDA:131,23,0,11
BRDA:131,23,1,1
BRDA:131,23,2,1
BRDA:131,23,3,1
BRDA:135,24,0,4
BRDA:135,24,1,6
BRDA:135,25,0,10
BRDA:135,25,1,4
BRDA:135,25,2,4
BRDA:135,25,3,4
BRDA:139,26,0,1
BRDA:139,26,1,5
BRDA:139,27,0,6
BRDA:139,27,1,1
BRDA:139,27,2,1
BRDA:139,27,3,1
BRDA:143,28,0,2
BRDA:143,28,1,3
BRDA:143,29,0,5
BRDA:143,29,1,3
BRDA:143,29,2,3
BRDA:143,29,3,2
BRF:89
BRH:89
end_of_record
