TN:
SF:car.js
FN:13,(anonymous_0)
FN:17,(anonymous_1)
FN:21,(anonymous_2)
FN:25,(anonymous_3)
FN:29,(anonymous_4)
FN:38,(anonymous_5)
FN:47,(anonymous_6)
FN:113,(anonymous_7)
FNF:8
FNH:8
FNDA:3,(anonymous_0)
FNDA:3,(anonymous_1)
FNDA:7,(anonymous_2)
FNDA:2,(anonymous_3)
FNDA:4,(anonymous_4)
FNDA:3,(anonymous_5)
FNDA:37,(anonymous_6)
FNDA:26,(anonymous_7)
DA:2,1
DA:3,1
DA:4,1
DA:8,1
DA:9,1
DA:10,1
DA:11,1
DA:14,3
DA:18,3
DA:22,7
DA:26,2
DA:30,4
DA:31,3
DA:32,3
DA:34,1
DA:39,3
DA:40,2
DA:41,2
DA:43,1
DA:48,37
DA:51,4
DA:53,2
DA:54,2
DA:56,2
DA:60,8
DA:61,8
DA:65,6
DA:68,4
DA:69,4
DA:71,2
DA:75,4
DA:77,2
DA:78,2
DA:80,2
DA:84,5
DA:86,3
DA:87,3
DA:89,2
DA:93,4
DA:95,2
DA:96,2
DA:98,2
DA:102,4
DA:104,1
DA:105,1
DA:107,3
DA:110,2
DA:114,26
DA:115,1
DA:116,1
DA:117,1
DA:119,25
DA:120,3
DA:121,3
DA:122,2
DA:124,3
DA:126,22
DA:127,3
DA:128,3
DA:129,3
DA:131,19
DA:132,2
DA:133,2
DA:135,17
DA:136,2
DA:137,2
DA:139,15
DA:140,2
DA:141,2
DA:143,13
DA:144,1
DA:145,1
DA:147,12
DA:152,1
LF:74
LH:74
BRDA:30,0,0,3
BRDA:30,0,1,1
BRDA:39,1,0,2
BRDA:39,1,1,1
BRDA:48,2,0,4
BRDA:48,2,1,8
BRDA:48,2,2,6
BRDA:48,2,3,4
BRDA:48,2,4,5
BRDA:48,2,5,4
BRDA:48,2,6,4
BRDA:51,3,0,2
BRDA:51,3,1,2
BRDA:51,4,0,4
BRDA:51,4,1,2
BRDA:51,4,2,2
BRDA:65,5,0,4
BRDA:65,5,1,2
BRDA:65,6,0,6
BRDA:65,6,1,6
BRDA:65,6,2,5
BRDA:65,6,3,1
BRDA:65,6,4,5
BRDA:65,6,5,5
BRDA:75,7,0,2
BRDA:75,7,1,2
BRDA:75,8,0,4
BRDA:75,8,1,3
BRDA:75,8,2,2
BRDA:75,8,3,2
BRDA:84,9,0,3
BRDA:84,9,1,2
BRDA:84,10,0,5
BRDA:84,10,1,4
BRDA:84,10,2,3
BRDA:84,10,3,3
BRDA:93,11,0,2
BRDA:93,11,1,2
BRDA:93,12,0,4
BRDA:93,12,1,3
BRDA:93,12,2,2
BRDA:93,12,3,2
BRDA:102,13,0,1
BRDA:102,13,1,3
BRDA:102,14,0,4
BRDA:102,14,1,1
BRDA:102,14,2,1
BRDA:114,15,0,1
BRDA:114,15,1,25
BRDA:114,16,0,26
BRDA:114,16,1,3
BRDA:114,16,2,2
BRDA:119,17,0,3
BRDA:119,17,1,22
BRDA:119,18,0,25
BRDA:119,18,1,7
BRDA:119,18,2,4
BRDA:121,19,0,2
BRDA:121,19,1,1
BRDA:126,20,0,3
BRDA:126,20,1,19
BRDA:126,21,0,22
BRDA:126,21,1,5
BRDA:126,21,2,4
BRDA:126,21,3,3
BRDA:131,22,0,2
BRDA:131,22,1,17
BRDA:131,23,0,19
BRDA:131,23,1,3
BRDA:131,23,2,3
BRDA:131,23,3,2
BRDA:135,24,0,2
BRDA:135,24,1,15
BRDA:135,25,0,17
BRDA:135,25,1,3
BRDA:135,25,2,3
BRDA:135,25,3,2
BRDA:139,26,0,2
BRDA:139,26,1,13
BRDA:139,27,0,15
BRDA:139,27,1,3
BRDA:139,27,2,3
BRDA:139,27,3,2
BRDA:143,28,0,1
BRDA:143,28,1,12
BRDA:143,29,0,13
BRDA:143,29,1,2
BRDA:143,29,2,2
BRDA:143,29,3,1
BRF:89
BRH:89
end_of_record
